<?xml version="1.0" encoding="UTF-8"?>
<testsuite xmlns:xsi="http://www.w3.org/2001/XMLSchema-instance" xsi:noNamespaceSchemaLocation="https://maven.apache.org/surefire/maven-surefire-plugin/xsd/surefire-test-report.xsd" version="3.0.2" name="com.yusheng.OldersInformationManagementSystemApplicationTests" time="4.36" tests="1" errors="0" skipped="0" failures="0">
  <properties>
    <property name="java.specification.version" value="17"/>
    <property name="sun.cpu.isalist" value="amd64"/>
    <property name="sun.jnu.encoding" value="GBK"/>
    <property name="java.class.path" value="D:\code\software-testing-project\olders-information-management-system\target\test-classes;D:\code\software-testing-project\olders-information-management-system\target\classes;D:\develop\apache-maven-3.9.4\mvn-repo\org\springframework\boot\spring-boot-starter-web\3.4.7\spring-boot-starter-web-3.4.7.jar;D:\develop\apache-maven-3.9.4\mvn-repo\org\springframework\boot\spring-boot-starter\3.4.7\spring-boot-starter-3.4.7.jar;D:\develop\apache-maven-3.9.4\mvn-repo\org\springframework\boot\spring-boot\3.4.7\spring-boot-3.4.7.jar;D:\develop\apache-maven-3.9.4\mvn-repo\org\springframework\boot\spring-boot-autoconfigure\3.4.7\spring-boot-autoconfigure-3.4.7.jar;D:\develop\apache-maven-3.9.4\mvn-repo\org\springframework\boot\spring-boot-starter-logging\3.4.7\spring-boot-starter-logging-3.4.7.jar;D:\develop\apache-maven-3.9.4\mvn-repo\ch\qos\logback\logback-classic\1.5.18\logback-classic-1.5.18.jar;D:\develop\apache-maven-3.9.4\mvn-repo\ch\qos\logback\logback-core\1.5.18\logback-core-1.5.18.jar;D:\develop\apache-maven-3.9.4\mvn-repo\org\apache\logging\log4j\log4j-to-slf4j\2.24.3\log4j-to-slf4j-2.24.3.jar;D:\develop\apache-maven-3.9.4\mvn-repo\org\apache\logging\log4j\log4j-api\2.24.3\log4j-api-2.24.3.jar;D:\develop\apache-maven-3.9.4\mvn-repo\org\slf4j\jul-to-slf4j\2.0.17\jul-to-slf4j-2.0.17.jar;D:\develop\apache-maven-3.9.4\mvn-repo\jakarta\annotation\jakarta.annotation-api\2.1.1\jakarta.annotation-api-2.1.1.jar;D:\develop\apache-maven-3.9.4\mvn-repo\org\yaml\snakeyaml\2.3\snakeyaml-2.3.jar;D:\develop\apache-maven-3.9.4\mvn-repo\org\springframework\boot\spring-boot-starter-json\3.4.7\spring-boot-starter-json-3.4.7.jar;D:\develop\apache-maven-3.9.4\mvn-repo\com\fasterxml\jackson\datatype\jackson-datatype-jdk8\2.18.4\jackson-datatype-jdk8-2.18.4.jar;D:\develop\apache-maven-3.9.4\mvn-repo\com\fasterxml\jackson\datatype\jackson-datatype-jsr310\2.18.4\jackson-datatype-jsr310-2.18.4.jar;D:\develop\apache-maven-3.9.4\mvn-repo\com\fasterxml\jackson\module\jackson-module-parameter-names\2.18.4\jackson-module-parameter-names-2.18.4.jar;D:\develop\apache-maven-3.9.4\mvn-repo\org\springframework\boot\spring-boot-starter-tomcat\3.4.7\spring-boot-starter-tomcat-3.4.7.jar;D:\develop\apache-maven-3.9.4\mvn-repo\org\apache\tomcat\embed\tomcat-embed-core\10.1.42\tomcat-embed-core-10.1.42.jar;D:\develop\apache-maven-3.9.4\mvn-repo\org\apache\tomcat\embed\tomcat-embed-el\10.1.42\tomcat-embed-el-10.1.42.jar;D:\develop\apache-maven-3.9.4\mvn-repo\org\apache\tomcat\embed\tomcat-embed-websocket\10.1.42\tomcat-embed-websocket-10.1.42.jar;D:\develop\apache-maven-3.9.4\mvn-repo\org\springframework\spring-web\6.2.8\spring-web-6.2.8.jar;D:\develop\apache-maven-3.9.4\mvn-repo\org\springframework\spring-beans\6.2.8\spring-beans-6.2.8.jar;D:\develop\apache-maven-3.9.4\mvn-repo\io\micrometer\micrometer-observation\1.14.8\micrometer-observation-1.14.8.jar;D:\develop\apache-maven-3.9.4\mvn-repo\io\micrometer\micrometer-commons\1.14.8\micrometer-commons-1.14.8.jar;D:\develop\apache-maven-3.9.4\mvn-repo\org\springframework\spring-webmvc\6.2.8\spring-webmvc-6.2.8.jar;D:\develop\apache-maven-3.9.4\mvn-repo\org\springframework\spring-aop\6.2.8\spring-aop-6.2.8.jar;D:\develop\apache-maven-3.9.4\mvn-repo\org\springframework\spring-context\6.2.8\spring-context-6.2.8.jar;D:\develop\apache-maven-3.9.4\mvn-repo\org\springframework\spring-expression\6.2.8\spring-expression-6.2.8.jar;D:\develop\apache-maven-3.9.4\mvn-repo\org\mybatis\spring\boot\mybatis-spring-boot-starter\3.0.4\mybatis-spring-boot-starter-3.0.4.jar;D:\develop\apache-maven-3.9.4\mvn-repo\org\springframework\boot\spring-boot-starter-jdbc\3.4.7\spring-boot-starter-jdbc-3.4.7.jar;D:\develop\apache-maven-3.9.4\mvn-repo\com\zaxxer\HikariCP\5.1.0\HikariCP-5.1.0.jar;D:\develop\apache-maven-3.9.4\mvn-repo\org\springframework\spring-jdbc\6.2.8\spring-jdbc-6.2.8.jar;D:\develop\apache-maven-3.9.4\mvn-repo\org\mybatis\spring\boot\mybatis-spring-boot-autoconfigure\3.0.4\mybatis-spring-boot-autoconfigure-3.0.4.jar;D:\develop\apache-maven-3.9.4\mvn-repo\org\mybatis\mybatis\3.5.17\mybatis-3.5.17.jar;D:\develop\apache-maven-3.9.4\mvn-repo\org\mybatis\mybatis-spring\3.0.4\mybatis-spring-3.0.4.jar;D:\develop\apache-maven-3.9.4\mvn-repo\com\mysql\mysql-connector-j\9.1.0\mysql-connector-j-9.1.0.jar;D:\develop\apache-maven-3.9.4\mvn-repo\org\projectlombok\lombok\1.18.38\lombok-1.18.38.jar;D:\develop\apache-maven-3.9.4\mvn-repo\org\springframework\boot\spring-boot-starter-test\3.4.7\spring-boot-starter-test-3.4.7.jar;D:\develop\apache-maven-3.9.4\mvn-repo\org\springframework\boot\spring-boot-test\3.4.7\spring-boot-test-3.4.7.jar;D:\develop\apache-maven-3.9.4\mvn-repo\org\springframework\boot\spring-boot-test-autoconfigure\3.4.7\spring-boot-test-autoconfigure-3.4.7.jar;D:\develop\apache-maven-3.9.4\mvn-repo\com\jayway\jsonpath\json-path\2.9.0\json-path-2.9.0.jar;D:\develop\apache-maven-3.9.4\mvn-repo\org\slf4j\slf4j-api\2.0.17\slf4j-api-2.0.17.jar;D:\develop\apache-maven-3.9.4\mvn-repo\jakarta\xml\bind\jakarta.xml.bind-api\4.0.2\jakarta.xml.bind-api-4.0.2.jar;D:\develop\apache-maven-3.9.4\mvn-repo\jakarta\activation\jakarta.activation-api\2.1.3\jakarta.activation-api-2.1.3.jar;D:\develop\apache-maven-3.9.4\mvn-repo\net\minidev\json-smart\2.5.2\json-smart-2.5.2.jar;D:\develop\apache-maven-3.9.4\mvn-repo\net\minidev\accessors-smart\2.5.2\accessors-smart-2.5.2.jar;D:\develop\apache-maven-3.9.4\mvn-repo\org\ow2\asm\asm\9.7.1\asm-9.7.1.jar;D:\develop\apache-maven-3.9.4\mvn-repo\org\assertj\assertj-core\3.26.3\assertj-core-3.26.3.jar;D:\develop\apache-maven-3.9.4\mvn-repo\net\bytebuddy\byte-buddy\1.15.11\byte-buddy-1.15.11.jar;D:\develop\apache-maven-3.9.4\mvn-repo\org\awaitility\awaitility\4.2.2\awaitility-4.2.2.jar;D:\develop\apache-maven-3.9.4\mvn-repo\org\hamcrest\hamcrest\2.2\hamcrest-2.2.jar;D:\develop\apache-maven-3.9.4\mvn-repo\org\junit\jupiter\junit-jupiter\5.11.4\junit-jupiter-5.11.4.jar;D:\develop\apache-maven-3.9.4\mvn-repo\org\junit\jupiter\junit-jupiter-api\5.11.4\junit-jupiter-api-5.11.4.jar;D:\develop\apache-maven-3.9.4\mvn-repo\org\opentest4j\opentest4j\1.3.0\opentest4j-1.3.0.jar;D:\develop\apache-maven-3.9.4\mvn-repo\org\junit\platform\junit-platform-commons\1.11.4\junit-platform-commons-1.11.4.jar;D:\develop\apache-maven-3.9.4\mvn-repo\org\apiguardian\apiguardian-api\1.1.2\apiguardian-api-1.1.2.jar;D:\develop\apache-maven-3.9.4\mvn-repo\org\junit\jupiter\junit-jupiter-params\5.11.4\junit-jupiter-params-5.11.4.jar;D:\develop\apache-maven-3.9.4\mvn-repo\org\junit\jupiter\junit-jupiter-engine\5.11.4\junit-jupiter-engine-5.11.4.jar;D:\develop\apache-maven-3.9.4\mvn-repo\org\junit\platform\junit-platform-engine\1.11.4\junit-platform-engine-1.11.4.jar;D:\develop\apache-maven-3.9.4\mvn-repo\org\mockito\mockito-core\5.14.2\mockito-core-5.14.2.jar;D:\develop\apache-maven-3.9.4\mvn-repo\net\bytebuddy\byte-buddy-agent\1.15.11\byte-buddy-agent-1.15.11.jar;D:\develop\apache-maven-3.9.4\mvn-repo\org\objenesis\objenesis\3.3\objenesis-3.3.jar;D:\develop\apache-maven-3.9.4\mvn-repo\org\mockito\mockito-junit-jupiter\5.14.2\mockito-junit-jupiter-5.14.2.jar;D:\develop\apache-maven-3.9.4\mvn-repo\org\skyscreamer\jsonassert\1.5.3\jsonassert-1.5.3.jar;D:\develop\apache-maven-3.9.4\mvn-repo\com\vaadin\external\google\android-json\0.0.20131108.vaadin1\android-json-0.0.20131108.vaadin1.jar;D:\develop\apache-maven-3.9.4\mvn-repo\org\springframework\spring-core\6.2.8\spring-core-6.2.8.jar;D:\develop\apache-maven-3.9.4\mvn-repo\org\springframework\spring-jcl\6.2.8\spring-jcl-6.2.8.jar;D:\develop\apache-maven-3.9.4\mvn-repo\org\springframework\spring-test\6.2.8\spring-test-6.2.8.jar;D:\develop\apache-maven-3.9.4\mvn-repo\org\xmlunit\xmlunit-core\2.10.2\xmlunit-core-2.10.2.jar;D:\develop\apache-maven-3.9.4\mvn-repo\org\mybatis\spring\boot\mybatis-spring-boot-starter-test\3.0.4\mybatis-spring-boot-starter-test-3.0.4.jar;D:\develop\apache-maven-3.9.4\mvn-repo\org\mybatis\spring\boot\mybatis-spring-boot-test-autoconfigure\3.0.4\mybatis-spring-boot-test-autoconfigure-3.0.4.jar;D:\develop\apache-maven-3.9.4\mvn-repo\org\springframework\spring-tx\6.2.8\spring-tx-6.2.8.jar;D:\develop\apache-maven-3.9.4\mvn-repo\io\jsonwebtoken\jjwt\0.9.1\jjwt-0.9.1.jar;D:\develop\apache-maven-3.9.4\mvn-repo\com\fasterxml\jackson\core\jackson-databind\2.18.4\jackson-databind-2.18.4.jar;D:\develop\apache-maven-3.9.4\mvn-repo\com\fasterxml\jackson\core\jackson-annotations\2.18.4\jackson-annotations-2.18.4.jar;D:\develop\apache-maven-3.9.4\mvn-repo\com\fasterxml\jackson\core\jackson-core\2.18.4.1\jackson-core-2.18.4.1.jar;D:\develop\apache-maven-3.9.4\mvn-repo\javax\xml\bind\jaxb-api\2.3.1\jaxb-api-2.3.1.jar;D:\develop\apache-maven-3.9.4\mvn-repo\javax\activation\javax.activation-api\1.2.0\javax.activation-api-1.2.0.jar;"/>
    <property name="java.vm.vendor" value="Oracle Corporation"/>
    <property name="sun.arch.data.model" value="64"/>
    <property name="user.variant" value=""/>
    <property name="java.vendor.url" value="https://java.oracle.com/"/>
    <property name="user.timezone" value="Asia/Shanghai"/>
    <property name="os.name" value="Windows 10"/>
    <property name="java.vm.specification.version" value="17"/>
    <property name="APPLICATION_NAME" value="olders-information-management-system"/>
    <property name="sun.java.launcher" value="SUN_STANDARD"/>
    <property name="user.country" value="CN"/>
    <property name="sun.boot.library.path" value="D:\develop\jdk\17\bin"/>
    <property name="sun.java.command" value="C:\Users\28254\AppData\Local\Temp\surefire15615548884539861074\surefirebooter-20250625224450757_3.jar C:\Users\28254\AppData\Local\Temp\surefire15615548884539861074 2025-06-25T22-44-50_064-jvmRun1 surefire-20250625224450757_1tmp surefire_0-20250625224450757_2tmp"/>
    <property name="jdk.debug" value="release"/>
    <property name="surefire.test.class.path" value="D:\code\software-testing-project\olders-information-management-system\target\test-classes;D:\code\software-testing-project\olders-information-management-system\target\classes;D:\develop\apache-maven-3.9.4\mvn-repo\org\springframework\boot\spring-boot-starter-web\3.4.7\spring-boot-starter-web-3.4.7.jar;D:\develop\apache-maven-3.9.4\mvn-repo\org\springframework\boot\spring-boot-starter\3.4.7\spring-boot-starter-3.4.7.jar;D:\develop\apache-maven-3.9.4\mvn-repo\org\springframework\boot\spring-boot\3.4.7\spring-boot-3.4.7.jar;D:\develop\apache-maven-3.9.4\mvn-repo\org\springframework\boot\spring-boot-autoconfigure\3.4.7\spring-boot-autoconfigure-3.4.7.jar;D:\develop\apache-maven-3.9.4\mvn-repo\org\springframework\boot\spring-boot-starter-logging\3.4.7\spring-boot-starter-logging-3.4.7.jar;D:\develop\apache-maven-3.9.4\mvn-repo\ch\qos\logback\logback-classic\1.5.18\logback-classic-1.5.18.jar;D:\develop\apache-maven-3.9.4\mvn-repo\ch\qos\logback\logback-core\1.5.18\logback-core-1.5.18.jar;D:\develop\apache-maven-3.9.4\mvn-repo\org\apache\logging\log4j\log4j-to-slf4j\2.24.3\log4j-to-slf4j-2.24.3.jar;D:\develop\apache-maven-3.9.4\mvn-repo\org\apache\logging\log4j\log4j-api\2.24.3\log4j-api-2.24.3.jar;D:\develop\apache-maven-3.9.4\mvn-repo\org\slf4j\jul-to-slf4j\2.0.17\jul-to-slf4j-2.0.17.jar;D:\develop\apache-maven-3.9.4\mvn-repo\jakarta\annotation\jakarta.annotation-api\2.1.1\jakarta.annotation-api-2.1.1.jar;D:\develop\apache-maven-3.9.4\mvn-repo\org\yaml\snakeyaml\2.3\snakeyaml-2.3.jar;D:\develop\apache-maven-3.9.4\mvn-repo\org\springframework\boot\spring-boot-starter-json\3.4.7\spring-boot-starter-json-3.4.7.jar;D:\develop\apache-maven-3.9.4\mvn-repo\com\fasterxml\jackson\datatype\jackson-datatype-jdk8\2.18.4\jackson-datatype-jdk8-2.18.4.jar;D:\develop\apache-maven-3.9.4\mvn-repo\com\fasterxml\jackson\datatype\jackson-datatype-jsr310\2.18.4\jackson-datatype-jsr310-2.18.4.jar;D:\develop\apache-maven-3.9.4\mvn-repo\com\fasterxml\jackson\module\jackson-module-parameter-names\2.18.4\jackson-module-parameter-names-2.18.4.jar;D:\develop\apache-maven-3.9.4\mvn-repo\org\springframework\boot\spring-boot-starter-tomcat\3.4.7\spring-boot-starter-tomcat-3.4.7.jar;D:\develop\apache-maven-3.9.4\mvn-repo\org\apache\tomcat\embed\tomcat-embed-core\10.1.42\tomcat-embed-core-10.1.42.jar;D:\develop\apache-maven-3.9.4\mvn-repo\org\apache\tomcat\embed\tomcat-embed-el\10.1.42\tomcat-embed-el-10.1.42.jar;D:\develop\apache-maven-3.9.4\mvn-repo\org\apache\tomcat\embed\tomcat-embed-websocket\10.1.42\tomcat-embed-websocket-10.1.42.jar;D:\develop\apache-maven-3.9.4\mvn-repo\org\springframework\spring-web\6.2.8\spring-web-6.2.8.jar;D:\develop\apache-maven-3.9.4\mvn-repo\org\springframework\spring-beans\6.2.8\spring-beans-6.2.8.jar;D:\develop\apache-maven-3.9.4\mvn-repo\io\micrometer\micrometer-observation\1.14.8\micrometer-observation-1.14.8.jar;D:\develop\apache-maven-3.9.4\mvn-repo\io\micrometer\micrometer-commons\1.14.8\micrometer-commons-1.14.8.jar;D:\develop\apache-maven-3.9.4\mvn-repo\org\springframework\spring-webmvc\6.2.8\spring-webmvc-6.2.8.jar;D:\develop\apache-maven-3.9.4\mvn-repo\org\springframework\spring-aop\6.2.8\spring-aop-6.2.8.jar;D:\develop\apache-maven-3.9.4\mvn-repo\org\springframework\spring-context\6.2.8\spring-context-6.2.8.jar;D:\develop\apache-maven-3.9.4\mvn-repo\org\springframework\spring-expression\6.2.8\spring-expression-6.2.8.jar;D:\develop\apache-maven-3.9.4\mvn-repo\org\mybatis\spring\boot\mybatis-spring-boot-starter\3.0.4\mybatis-spring-boot-starter-3.0.4.jar;D:\develop\apache-maven-3.9.4\mvn-repo\org\springframework\boot\spring-boot-starter-jdbc\3.4.7\spring-boot-starter-jdbc-3.4.7.jar;D:\develop\apache-maven-3.9.4\mvn-repo\com\zaxxer\HikariCP\5.1.0\HikariCP-5.1.0.jar;D:\develop\apache-maven-3.9.4\mvn-repo\org\springframework\spring-jdbc\6.2.8\spring-jdbc-6.2.8.jar;D:\develop\apache-maven-3.9.4\mvn-repo\org\mybatis\spring\boot\mybatis-spring-boot-autoconfigure\3.0.4\mybatis-spring-boot-autoconfigure-3.0.4.jar;D:\develop\apache-maven-3.9.4\mvn-repo\org\mybatis\mybatis\3.5.17\mybatis-3.5.17.jar;D:\develop\apache-maven-3.9.4\mvn-repo\org\mybatis\mybatis-spring\3.0.4\mybatis-spring-3.0.4.jar;D:\develop\apache-maven-3.9.4\mvn-repo\com\mysql\mysql-connector-j\9.1.0\mysql-connector-j-9.1.0.jar;D:\develop\apache-maven-3.9.4\mvn-repo\org\projectlombok\lombok\1.18.38\lombok-1.18.38.jar;D:\develop\apache-maven-3.9.4\mvn-repo\org\springframework\boot\spring-boot-starter-test\3.4.7\spring-boot-starter-test-3.4.7.jar;D:\develop\apache-maven-3.9.4\mvn-repo\org\springframework\boot\spring-boot-test\3.4.7\spring-boot-test-3.4.7.jar;D:\develop\apache-maven-3.9.4\mvn-repo\org\springframework\boot\spring-boot-test-autoconfigure\3.4.7\spring-boot-test-autoconfigure-3.4.7.jar;D:\develop\apache-maven-3.9.4\mvn-repo\com\jayway\jsonpath\json-path\2.9.0\json-path-2.9.0.jar;D:\develop\apache-maven-3.9.4\mvn-repo\org\slf4j\slf4j-api\2.0.17\slf4j-api-2.0.17.jar;D:\develop\apache-maven-3.9.4\mvn-repo\jakarta\xml\bind\jakarta.xml.bind-api\4.0.2\jakarta.xml.bind-api-4.0.2.jar;D:\develop\apache-maven-3.9.4\mvn-repo\jakarta\activation\jakarta.activation-api\2.1.3\jakarta.activation-api-2.1.3.jar;D:\develop\apache-maven-3.9.4\mvn-repo\net\minidev\json-smart\2.5.2\json-smart-2.5.2.jar;D:\develop\apache-maven-3.9.4\mvn-repo\net\minidev\accessors-smart\2.5.2\accessors-smart-2.5.2.jar;D:\develop\apache-maven-3.9.4\mvn-repo\org\ow2\asm\asm\9.7.1\asm-9.7.1.jar;D:\develop\apache-maven-3.9.4\mvn-repo\org\assertj\assertj-core\3.26.3\assertj-core-3.26.3.jar;D:\develop\apache-maven-3.9.4\mvn-repo\net\bytebuddy\byte-buddy\1.15.11\byte-buddy-1.15.11.jar;D:\develop\apache-maven-3.9.4\mvn-repo\org\awaitility\awaitility\4.2.2\awaitility-4.2.2.jar;D:\develop\apache-maven-3.9.4\mvn-repo\org\hamcrest\hamcrest\2.2\hamcrest-2.2.jar;D:\develop\apache-maven-3.9.4\mvn-repo\org\junit\jupiter\junit-jupiter\5.11.4\junit-jupiter-5.11.4.jar;D:\develop\apache-maven-3.9.4\mvn-repo\org\junit\jupiter\junit-jupiter-api\5.11.4\junit-jupiter-api-5.11.4.jar;D:\develop\apache-maven-3.9.4\mvn-repo\org\opentest4j\opentest4j\1.3.0\opentest4j-1.3.0.jar;D:\develop\apache-maven-3.9.4\mvn-repo\org\junit\platform\junit-platform-commons\1.11.4\junit-platform-commons-1.11.4.jar;D:\develop\apache-maven-3.9.4\mvn-repo\org\apiguardian\apiguardian-api\1.1.2\apiguardian-api-1.1.2.jar;D:\develop\apache-maven-3.9.4\mvn-repo\org\junit\jupiter\junit-jupiter-params\5.11.4\junit-jupiter-params-5.11.4.jar;D:\develop\apache-maven-3.9.4\mvn-repo\org\junit\jupiter\junit-jupiter-engine\5.11.4\junit-jupiter-engine-5.11.4.jar;D:\develop\apache-maven-3.9.4\mvn-repo\org\junit\platform\junit-platform-engine\1.11.4\junit-platform-engine-1.11.4.jar;D:\develop\apache-maven-3.9.4\mvn-repo\org\mockito\mockito-core\5.14.2\mockito-core-5.14.2.jar;D:\develop\apache-maven-3.9.4\mvn-repo\net\bytebuddy\byte-buddy-agent\1.15.11\byte-buddy-agent-1.15.11.jar;D:\develop\apache-maven-3.9.4\mvn-repo\org\objenesis\objenesis\3.3\objenesis-3.3.jar;D:\develop\apache-maven-3.9.4\mvn-repo\org\mockito\mockito-junit-jupiter\5.14.2\mockito-junit-jupiter-5.14.2.jar;D:\develop\apache-maven-3.9.4\mvn-repo\org\skyscreamer\jsonassert\1.5.3\jsonassert-1.5.3.jar;D:\develop\apache-maven-3.9.4\mvn-repo\com\vaadin\external\google\android-json\0.0.20131108.vaadin1\android-json-0.0.20131108.vaadin1.jar;D:\develop\apache-maven-3.9.4\mvn-repo\org\springframework\spring-core\6.2.8\spring-core-6.2.8.jar;D:\develop\apache-maven-3.9.4\mvn-repo\org\springframework\spring-jcl\6.2.8\spring-jcl-6.2.8.jar;D:\develop\apache-maven-3.9.4\mvn-repo\org\springframework\spring-test\6.2.8\spring-test-6.2.8.jar;D:\develop\apache-maven-3.9.4\mvn-repo\org\xmlunit\xmlunit-core\2.10.2\xmlunit-core-2.10.2.jar;D:\develop\apache-maven-3.9.4\mvn-repo\org\mybatis\spring\boot\mybatis-spring-boot-starter-test\3.0.4\mybatis-spring-boot-starter-test-3.0.4.jar;D:\develop\apache-maven-3.9.4\mvn-repo\org\mybatis\spring\boot\mybatis-spring-boot-test-autoconfigure\3.0.4\mybatis-spring-boot-test-autoconfigure-3.0.4.jar;D:\develop\apache-maven-3.9.4\mvn-repo\org\springframework\spring-tx\6.2.8\spring-tx-6.2.8.jar;D:\develop\apache-maven-3.9.4\mvn-repo\io\jsonwebtoken\jjwt\0.9.1\jjwt-0.9.1.jar;D:\develop\apache-maven-3.9.4\mvn-repo\com\fasterxml\jackson\core\jackson-databind\2.18.4\jackson-databind-2.18.4.jar;D:\develop\apache-maven-3.9.4\mvn-repo\com\fasterxml\jackson\core\jackson-annotations\2.18.4\jackson-annotations-2.18.4.jar;D:\develop\apache-maven-3.9.4\mvn-repo\com\fasterxml\jackson\core\jackson-core\2.18.4.1\jackson-core-2.18.4.1.jar;D:\develop\apache-maven-3.9.4\mvn-repo\javax\xml\bind\jaxb-api\2.3.1\jaxb-api-2.3.1.jar;D:\develop\apache-maven-3.9.4\mvn-repo\javax\activation\javax.activation-api\1.2.0\javax.activation-api-1.2.0.jar;"/>
    <property name="sun.cpu.endian" value="little"/>
    <property name="user.home" value="C:\Users\28254"/>
    <property name="user.language" value="zh"/>
    <property name="java.specification.vendor" value="Oracle Corporation"/>
    <property name="java.version.date" value="2021-10-19"/>
    <property name="java.home" value="D:\develop\jdk\17"/>
    <property name="file.separator" value="\"/>
    <property name="basedir" value="D:\code\software-testing-project\olders-information-management-system"/>
    <property name="java.vm.compressedOopsMode" value="Zero based"/>
    <property name="line.separator" value="&#10;"/>
    <property name="java.vm.specification.vendor" value="Oracle Corporation"/>
    <property name="java.specification.name" value="Java Platform API Specification"/>
    <property name="FILE_LOG_CHARSET" value="GBK"/>
    <property name="java.awt.headless" value="true"/>
    <property name="surefire.real.class.path" value="C:\Users\28254\AppData\Local\Temp\surefire15615548884539861074\surefirebooter-20250625224450757_3.jar"/>
    <property name="user.script" value=""/>
    <property name="sun.management.compiler" value="HotSpot 64-Bit Tiered Compilers"/>
    <property name="java.runtime.version" value="17.0.1+12-LTS-39"/>
    <property name="user.name" value="28254"/>
    <property name="path.separator" value=";"/>
    <property name="os.version" value="10.0"/>
    <property name="java.runtime.name" value="Java(TM) SE Runtime Environment"/>
    <property name="file.encoding" value="GBK"/>
    <property name="java.vm.name" value="Java HotSpot(TM) 64-Bit Server VM"/>
    <property name="localRepository" value="D:\develop\apache-maven-3.9.4\mvn-repo"/>
    <property name="java.vendor.url.bug" value="https://bugreport.java.com/bugreport/"/>
    <property name="java.io.tmpdir" value="C:\Users\28254\AppData\Local\Temp\"/>
    <property name="idea.version" value="2024.3.5"/>
    <property name="java.version" value="17.0.1"/>
    <property name="user.dir" value="D:\code\software-testing-project\olders-information-management-system"/>
    <property name="os.arch" value="amd64"/>
    <property name="java.vm.specification.name" value="Java Virtual Machine Specification"/>
    <property name="PID" value="32204"/>
    <property name="sun.os.patch.level" value=""/>
    <property name="CONSOLE_LOG_CHARSET" value="GBK"/>
    <property name="native.encoding" value="GBK"/>
    <property name="java.library.path" value="D:\develop\jdk\17\bin;C:\WINDOWS\Sun\Java\bin;C:\WINDOWS\system32;C:\WINDOWS;D:\develop\jdk\17\bin;C:\Program Files\Common Files\Oracle\Java\javapath;D:\Python\Scripts\;D:\Python\;C:\Program Files (x86)\Common Files\Oracle\Java\java8path;C:\Program Files (x86)\Common Files\Oracle\Java\javapath;C:\Program Files\Microsoft MPI\Bin\;C:\Windows\system32;C:\Windows;C:\Windows\System32\Wbem;C:\Windows\System32\WindowsPowerShell\v1.0\;C:\Windows\System32\OpenSSH\;C:\Program Files (x86)\NVIDIA Corporation\PhysX\Common;C:\WINDOWS\system32;C:\WINDOWS;C:\WINDOWS\System32\Wbem;C:\WINDOWS\System32\WindowsPowerShell\v1.0\;C:\WINDOWS\System32\OpenSSH\;D:\APP\Bandzip\Bandizip\;D:\SQL\Microsoft SQL Server\160\Tools\Binn\;D:\SQL\160\Tools\Binn\;D:\SQL\Client SDK\ODBC\170\Tools\Binn\;D:\SQL\160\DTS\Binn\;D:\SQL\Microsoft SQL Server\160\DTS\Binn\;D:\TomCat\bin;D:\mysql\MySQL Server 8.0\bin;D:\APP\Xshell\;D:\develop\apache-maven-3.9.4\bin;D:\develop\mysql-8.0.34-winx64\bin;D:\APP\PICT\;C:\Program Files\Git\cmd;C:\Program Files\TortoiseGit\bin;D:\develop\NodeJS\;C:\Program Files\Google\Chrome\Application;D:\develop\Redis-x64-5.0.14.1;D:\MySQL\MySQL Shell 8.0\bin\;C:\Users\28254\AppData\Local\Microsoft\WindowsApps;D:\mysql5\bin;D:\APP\VSCode\Microsoft VS Code\bin;D:\APP\Pycharm\PyCharm 2024.3.1.1\bin;;C:\Users\28254\AppData\Roaming\npm;."/>
    <property name="java.vm.info" value="mixed mode, sharing"/>
    <property name="java.vendor" value="Oracle Corporation"/>
    <property name="java.vm.version" value="17.0.1+12-LTS-39"/>
    <property name="sun.io.unicode.encoding" value="UnicodeLittle"/>
    <property name="maven.repo.local" value="D:\develop\apache-maven-3.9.4\mvn-repo"/>
    <property name="java.class.version" value="61.0"/>
    <property name="LOGGED_APPLICATION_NAME" value="[olders-information-management-system] "/>
  </properties>
  <testcase name="contextLoads" classname="com.yusheng.OldersInformationManagementSystemApplicationTests" time="1.124">
    <system-out><![CDATA[22:44:52.051 [main] INFO org.springframework.test.context.support.AnnotationConfigContextLoaderUtils -- Could not detect default configuration classes for test class [com.yusheng.OldersInformationManagementSystemApplicationTests]: OldersInformationManagementSystemApplicationTests does not declare any static, non-private, non-final, nested classes annotated with @Configuration.
22:44:52.167 [main] INFO org.springframework.boot.test.context.SpringBootTestContextBootstrapper -- Found @SpringBootConfiguration com.yusheng.OldersInformationManagementSystemApplication for test class com.yusheng.OldersInformationManagementSystemApplicationTests

  .   ____          _            __ _ _
 /\\ / ___'_ __ _ _(_)_ __  __ _ \ \ \ \
( ( )\___ | '_ | '_| | '_ \/ _` | \ \ \ \
 \\/  ___)| |_)| | | | | || (_| |  ) ) ) )
  '  |____| .__|_| |_|_| |_\__, | / / / /
 =========|_|==============|___/=/_/_/_/

 :: Spring Boot ::                (v3.4.7)

2025-06-25T22:44:52.628+08:00  INFO 32204 --- [olders-information-management-system] [           main] ormationManagementSystemApplicationTests : Starting OldersInformationManagementSystemApplicationTests using Java 17.0.1 with PID 32204 (started by 28254 in D:\code\software-testing-project\olders-information-management-system)
2025-06-25T22:44:52.630+08:00  INFO 32204 --- [olders-information-management-system] [           main] ormationManagementSystemApplicationTests : No active profile set, falling back to 1 default profile: "default"
Logging initialized using 'class org.apache.ibatis.logging.stdout.StdOutImpl' adapter.
2025-06-25T22:44:55.095+08:00  INFO 32204 --- [olders-information-management-system] [           main] ormationManagementSystemApplicationTests : Started OldersInformationManagementSystemApplicationTests in 2.783 seconds (process running for 4.209)
]]></system-out>
  </testcase>
</testsuite>